<?xml version="1.0" encoding="UTF-8"?>
<!-- Generated by org.testng.reporters.JUnitXMLReporter -->
<testsuite hostname="DESKTOP-N308L1J" ignored="1" name="Default test" tests="1" failures="0" timestamp="25 Jun 2022 15:53:32 GMT" time="20.327" errors="0">
  <testcase name="logCustomer" time="10.467" classname="variousConcepts.LearnTestNG"/>
  <testcase name="loginTest" time="0.0" classname="variousConcepts.LearnTestNG">
    <ignored/>
  </testcase> <!-- loginTest -->
</testsuite> <!-- Default test -->
