<?xml version="1.0" encoding="UTF-8"?>
<testng-results skipped="0" failed="0" ignored="1" total="2" passed="1">
  <reporter-output>
  </reporter-output>
  <suite name="Default suite" duration-ms="20327" started-at="2022-06-25T15:53:11Z" finished-at="2022-06-25T15:53:32Z">
    <groups>
    </groups>
    <test name="Default test" duration-ms="20327" started-at="2022-06-25T15:53:11Z" finished-at="2022-06-25T15:53:32Z">
      <class name="variousConcepts.LearnTestNG">
        <test-method status="PASS" signature="readConfig()[pri:0, instance:variousConcepts.LearnTestNG@6f7fd0e6]" name="readConfig" is-config="true" duration-ms="21" started-at="2022-06-25T15:53:12Z" finished-at="2022-06-25T15:53:12Z">
          <reporter-output>
          </reporter-output>
        </test-method> <!-- readConfig -->
        <test-method status="PASS" signature="init()[pri:0, instance:variousConcepts.LearnTestNG@6f7fd0e6]" name="init" is-config="true" duration-ms="9802" started-at="2022-06-25T15:53:12Z" finished-at="2022-06-25T15:53:21Z">
          <reporter-output>
          </reporter-output>
        </test-method> <!-- init -->
        <test-method status="PASS" signature="logCustomer()[pri:0, instance:variousConcepts.LearnTestNG@6f7fd0e6]" name="logCustomer" duration-ms="10467" started-at="2022-06-25T15:53:21Z" finished-at="2022-06-25T15:53:32Z">
          <reporter-output>
          </reporter-output>
        </test-method> <!-- logCustomer -->
      </class> <!-- variousConcepts.LearnTestNG -->
    </test> <!-- Default test -->
  </suite> <!-- Default suite -->
</testng-results>
